2017-08-31 11:13:13,964 INFO n.a.d.j.g.JsonDataGenerator [main] Overriding Simulation Config file from command line to use [ itemViewConfig.json ]
2017-08-31 11:13:13,992 DEBUG n.a.d.j.g.JsonDataGenerator [main] Creating Simulation Runner using Simulation Config [ itemViewConfig.json ]
2017-08-31 11:13:14,258 INFO n.a.d.j.g.JsonDataGenerator [main] Adding Kafka Producer with properties: {type=kafka, broker.server=localhost, broker.port=9092, topic=itemViews, flatten=false, sync=false}
2017-08-31 11:13:14,411 INFO n.a.d.j.g.SimulationRunner [main] Adding EventGenerator for [ itemViews,itemViewWorkflow.json ]
2017-08-31 11:13:14,411 INFO n.a.d.j.g.SimulationRunner [main] Starting Simulation
2017-08-31 11:13:14,723 DEBUG n.a.d.j.g.t.TypeHandlerFactory [Thread-2] Discovered TypeHandler [ lastName,net.acesinc.data.json.generator.types.LastName ]
2017-08-31 11:13:14,724 DEBUG n.a.d.j.g.t.TypeHandlerFactory [Thread-2] Discovered TypeHandler [ integer,net.acesinc.data.json.generator.types.IntegerType ]
2017-08-31 11:13:14,724 DEBUG n.a.d.j.g.t.TypeHandlerFactory [Thread-2] Discovered TypeHandler [ nowTimestamp,net.acesinc.data.json.generator.types.NowTimestampType ]
2017-08-31 11:13:14,725 DEBUG n.a.d.j.g.t.TypeHandlerFactory [Thread-2] Discovered TypeHandler [ alphaNumeric,net.acesinc.data.json.generator.types.AlphaNumericType ]
2017-08-31 11:13:14,725 DEBUG n.a.d.j.g.t.TypeHandlerFactory [Thread-2] Discovered TypeHandler [ now,net.acesinc.data.json.generator.types.NowType ]
2017-08-31 11:13:14,726 DEBUG n.a.d.j.g.t.TypeHandlerFactory [Thread-2] Discovered TypeHandler [ double,net.acesinc.data.json.generator.types.DoubleType ]
2017-08-31 11:13:14,726 DEBUG n.a.d.j.g.t.TypeHandlerFactory [Thread-2] Discovered TypeHandler [ uuid,net.acesinc.data.json.generator.types.UuidType ]
2017-08-31 11:13:14,727 DEBUG n.a.d.j.g.t.TypeHandlerFactory [Thread-2] Discovered TypeHandler [ boolean,net.acesinc.data.json.generator.types.BooleanType ]
2017-08-31 11:13:14,728 DEBUG n.a.d.j.g.t.TypeHandlerFactory [Thread-2] Discovered TypeHandler [ date,net.acesinc.data.json.generator.types.DateType ]
2017-08-31 11:13:14,728 DEBUG n.a.d.j.g.t.TypeHandlerFactory [Thread-2] Discovered TypeHandler [ firstName,net.acesinc.data.json.generator.types.FirstName ]
2017-08-31 11:13:14,729 DEBUG n.a.d.j.g.t.TypeHandlerFactory [Thread-2] Discovered TypeHandler [ long,net.acesinc.data.json.generator.types.LongType ]
2017-08-31 11:13:14,729 DEBUG n.a.d.j.g.t.TypeHandlerFactory [Thread-2] Discovered TypeHandler [ random,net.acesinc.data.json.generator.types.RandomType ]
2017-08-31 11:13:14,730 DEBUG n.a.d.j.g.t.TypeHandlerFactory [Thread-2] Discovered TypeHandler [ alpha,net.acesinc.data.json.generator.types.AlphaType ]
2017-08-31 11:13:14,730 DEBUG n.a.d.j.g.t.TypeHandlerFactory [Thread-2] Discovered TypeHandler [ counter,net.acesinc.data.json.generator.types.CounterType ]
2017-08-31 11:13:14,731 DEBUG n.a.d.j.g.t.TypeHandlerFactory [Thread-2] Discovered TypeHandler [ timestamp,net.acesinc.data.json.generator.types.TimestampType ]
2017-08-31 11:13:14,757 DEBUG n.a.d.j.g.l.KafkaLogger [Thread-2] Sending event to Kafka: [ {"timestamp":1504170794731,"user":654,"item":2} ]
2017-08-31 11:13:15,050 DEBUG n.a.d.j.g.l.KafkaLogger [Thread-2] Sending event to Kafka: [ {"timestamp":1504170795050,"user":143,"item":43} ]
2017-08-31 11:13:15,110 DEBUG n.a.d.j.g.l.KafkaLogger [Thread-2] Sending event to Kafka: [ {"timestamp":1504170795110,"user":459,"item":71} ]
2017-08-31 11:13:15,205 DEBUG n.a.d.j.g.l.KafkaLogger [Thread-2] Sending event to Kafka: [ {"timestamp":1504170795204,"user":520,"item":84} ]
2017-08-31 11:13:20,612 DEBUG n.a.d.j.g.l.KafkaLogger [Thread-2] Sending event to Kafka: [ {"timestamp":1504170800611,"user":377,"item":17} ]
2017-08-31 11:13:20,675 DEBUG n.a.d.j.g.l.KafkaLogger [Thread-2] Sending event to Kafka: [ {"timestamp":1504170800674,"user":18,"item":39} ]
2017-08-31 11:13:20,759 DEBUG n.a.d.j.g.l.KafkaLogger [Thread-2] Sending event to Kafka: [ {"timestamp":1504170800758,"user":26,"item":63} ]
2017-08-31 11:13:20,812 DEBUG n.a.d.j.g.l.KafkaLogger [Thread-2] Sending event to Kafka: [ {"timestamp":1504170800812,"user":399,"item":97} ]
2017-08-31 11:13:27,872 DEBUG n.a.d.j.g.l.KafkaLogger [Thread-2] Sending event to Kafka: [ {"timestamp":1504170807872,"user":235,"item":12} ]
2017-08-31 11:13:27,969 DEBUG n.a.d.j.g.l.KafkaLogger [Thread-2] Sending event to Kafka: [ {"timestamp":1504170807969,"user":107,"item":41} ]
2017-08-31 11:13:28,065 DEBUG n.a.d.j.g.l.KafkaLogger [Thread-2] Sending event to Kafka: [ {"timestamp":1504170808064,"user":661,"item":65} ]
2017-08-31 11:13:28,162 DEBUG n.a.d.j.g.l.KafkaLogger [Thread-2] Sending event to Kafka: [ {"timestamp":1504170808162,"user":342,"item":97} ]
2017-08-31 11:13:33,687 DEBUG n.a.d.j.g.l.KafkaLogger [Thread-2] Sending event to Kafka: [ {"timestamp":1504170813687,"user":534,"item":18} ]
2017-08-31 11:13:33,789 DEBUG n.a.d.j.g.l.KafkaLogger [Thread-2] Sending event to Kafka: [ {"timestamp":1504170813789,"user":230,"item":29} ]
2017-08-31 11:13:33,849 DEBUG n.a.d.j.g.l.KafkaLogger [Thread-2] Sending event to Kafka: [ {"timestamp":1504170813848,"user":175,"item":51} ]
2017-08-31 11:13:33,905 DEBUG n.a.d.j.g.l.KafkaLogger [Thread-2] Sending event to Kafka: [ {"timestamp":1504170813905,"user":460,"item":100} ]
2017-08-31 11:13:39,869 DEBUG n.a.d.j.g.l.KafkaLogger [Thread-2] Sending event to Kafka: [ {"timestamp":1504170819868,"user":20,"item":8} ]
2017-08-31 11:13:39,954 DEBUG n.a.d.j.g.l.KafkaLogger [Thread-2] Sending event to Kafka: [ {"timestamp":1504170819954,"user":17,"item":40} ]
2017-08-31 11:13:40,009 DEBUG n.a.d.j.g.l.KafkaLogger [Thread-2] Sending event to Kafka: [ {"timestamp":1504170820009,"user":309,"item":58} ]
2017-08-31 11:13:40,107 DEBUG n.a.d.j.g.l.KafkaLogger [Thread-2] Sending event to Kafka: [ {"timestamp":1504170820106,"user":597,"item":91} ]
2017-08-31 11:13:48,928 DEBUG n.a.d.j.g.l.KafkaLogger [Thread-2] Sending event to Kafka: [ {"timestamp":1504170828927,"user":512,"item":15} ]
2017-08-31 11:13:48,996 DEBUG n.a.d.j.g.l.KafkaLogger [Thread-2] Sending event to Kafka: [ {"timestamp":1504170828996,"user":72,"item":44} ]
2017-08-31 11:13:49,092 DEBUG n.a.d.j.g.l.KafkaLogger [Thread-2] Sending event to Kafka: [ {"timestamp":1504170829092,"user":157,"item":70} ]
2017-08-31 11:13:49,157 DEBUG n.a.d.j.g.l.KafkaLogger [Thread-2] Sending event to Kafka: [ {"timestamp":1504170829156,"user":258,"item":85} ]
2017-08-31 11:13:55,602 DEBUG n.a.d.j.g.l.KafkaLogger [Thread-2] Sending event to Kafka: [ {"timestamp":1504170835602,"user":244,"item":9} ]
2017-08-31 11:13:55,679 DEBUG n.a.d.j.g.l.KafkaLogger [Thread-2] Sending event to Kafka: [ {"timestamp":1504170835679,"user":310,"item":28} ]
2017-08-31 11:13:55,751 DEBUG n.a.d.j.g.l.KafkaLogger [Thread-2] Sending event to Kafka: [ {"timestamp":1504170835750,"user":579,"item":60} ]
2017-08-31 11:13:55,826 DEBUG n.a.d.j.g.l.KafkaLogger [Thread-2] Sending event to Kafka: [ {"timestamp":1504170835825,"user":80,"item":79} ]
2017-08-31 11:14:02,191 DEBUG n.a.d.j.g.l.KafkaLogger [Thread-2] Sending event to Kafka: [ {"timestamp":1504170842190,"user":108,"item":5} ]
2017-08-31 11:14:02,270 DEBUG n.a.d.j.g.l.KafkaLogger [Thread-2] Sending event to Kafka: [ {"timestamp":1504170842270,"user":87,"item":46} ]
2017-08-31 11:14:02,323 DEBUG n.a.d.j.g.l.KafkaLogger [Thread-2] Sending event to Kafka: [ {"timestamp":1504170842323,"user":155,"item":72} ]
2017-08-31 11:14:02,395 DEBUG n.a.d.j.g.l.KafkaLogger [Thread-2] Sending event to Kafka: [ {"timestamp":1504170842395,"user":76,"item":98} ]
2017-08-31 11:14:10,356 DEBUG n.a.d.j.g.l.KafkaLogger [Thread-2] Sending event to Kafka: [ {"timestamp":1504170850355,"user":185,"item":16} ]
2017-08-31 11:14:10,437 DEBUG n.a.d.j.g.l.KafkaLogger [Thread-2] Sending event to Kafka: [ {"timestamp":1504170850436,"user":33,"item":49} ]
2017-08-31 11:14:10,523 DEBUG n.a.d.j.g.l.KafkaLogger [Thread-2] Sending event to Kafka: [ {"timestamp":1504170850522,"user":243,"item":69} ]
2017-08-31 11:14:10,617 DEBUG n.a.d.j.g.l.KafkaLogger [Thread-2] Sending event to Kafka: [ {"timestamp":1504170850616,"user":153,"item":98} ]
2017-08-31 11:14:15,992 DEBUG n.a.d.j.g.l.KafkaLogger [Thread-2] Sending event to Kafka: [ {"timestamp":1504170855992,"user":616,"item":11} ]
2017-08-31 11:14:16,067 DEBUG n.a.d.j.g.l.KafkaLogger [Thread-2] Sending event to Kafka: [ {"timestamp":1504170856067,"user":190,"item":25} ]
2017-08-31 11:14:16,142 DEBUG n.a.d.j.g.l.KafkaLogger [Thread-2] Sending event to Kafka: [ {"timestamp":1504170856141,"user":454,"item":51} ]
2017-08-31 11:14:16,228 DEBUG n.a.d.j.g.l.KafkaLogger [Thread-2] Sending event to Kafka: [ {"timestamp":1504170856228,"user":653,"item":77} ]
2017-08-31 11:14:23,597 DEBUG n.a.d.j.g.l.KafkaLogger [Thread-2] Sending event to Kafka: [ {"timestamp":1504170863596,"user":217,"item":20} ]
2017-08-31 11:14:23,676 DEBUG n.a.d.j.g.l.KafkaLogger [Thread-2] Sending event to Kafka: [ {"timestamp":1504170863675,"user":172,"item":37} ]
2017-08-31 11:14:23,761 DEBUG n.a.d.j.g.l.KafkaLogger [Thread-2] Sending event to Kafka: [ {"timestamp":1504170863761,"user":4,"item":58} ]
2017-08-31 11:14:23,842 DEBUG n.a.d.j.g.l.KafkaLogger [Thread-2] Sending event to Kafka: [ {"timestamp":1504170863842,"user":391,"item":98} ]
2017-08-31 11:14:29,269 DEBUG n.a.d.j.g.l.KafkaLogger [Thread-2] Sending event to Kafka: [ {"timestamp":1504170869268,"user":534,"item":20} ]
2017-08-31 11:14:29,357 DEBUG n.a.d.j.g.l.KafkaLogger [Thread-2] Sending event to Kafka: [ {"timestamp":1504170869356,"user":620,"item":48} ]
2017-08-31 11:14:29,435 DEBUG n.a.d.j.g.l.KafkaLogger [Thread-2] Sending event to Kafka: [ {"timestamp":1504170869435,"user":305,"item":56} ]
2017-08-31 11:14:29,493 DEBUG n.a.d.j.g.l.KafkaLogger [Thread-2] Sending event to Kafka: [ {"timestamp":1504170869493,"user":211,"item":80} ]
2017-08-31 11:14:35,180 DEBUG n.a.d.j.g.l.KafkaLogger [Thread-2] Sending event to Kafka: [ {"timestamp":1504170875179,"user":192,"item":11} ]
2017-08-31 11:14:35,234 DEBUG n.a.d.j.g.l.KafkaLogger [Thread-2] Sending event to Kafka: [ {"timestamp":1504170875234,"user":87,"item":29} ]
2017-08-31 11:14:35,319 DEBUG n.a.d.j.g.l.KafkaLogger [Thread-2] Sending event to Kafka: [ {"timestamp":1504170875319,"user":631,"item":57} ]
2017-08-31 11:14:35,390 DEBUG n.a.d.j.g.l.KafkaLogger [Thread-2] Sending event to Kafka: [ {"timestamp":1504170875390,"user":554,"item":100} ]
2017-08-31 11:14:42,912 DEBUG n.a.d.j.g.l.KafkaLogger [Thread-2] Sending event to Kafka: [ {"timestamp":1504170882912,"user":413,"item":10} ]
2017-08-31 11:14:42,985 DEBUG n.a.d.j.g.l.KafkaLogger [Thread-2] Sending event to Kafka: [ {"timestamp":1504170882985,"user":237,"item":39} ]
2017-08-31 11:14:43,080 DEBUG n.a.d.j.g.l.KafkaLogger [Thread-2] Sending event to Kafka: [ {"timestamp":1504170883079,"user":461,"item":55} ]
2017-08-31 11:14:43,180 DEBUG n.a.d.j.g.l.KafkaLogger [Thread-2] Sending event to Kafka: [ {"timestamp":1504170883180,"user":576,"item":97} ]
2017-08-31 11:14:49,478 DEBUG n.a.d.j.g.l.KafkaLogger [Thread-2] Sending event to Kafka: [ {"timestamp":1504170889477,"user":565,"item":1} ]
2017-08-31 11:14:49,538 DEBUG n.a.d.j.g.l.KafkaLogger [Thread-2] Sending event to Kafka: [ {"timestamp":1504170889538,"user":385,"item":47} ]
2017-08-31 11:14:49,612 DEBUG n.a.d.j.g.l.KafkaLogger [Thread-2] Sending event to Kafka: [ {"timestamp":1504170889612,"user":352,"item":61} ]
2017-08-31 11:14:49,706 DEBUG n.a.d.j.g.l.KafkaLogger [Thread-2] Sending event to Kafka: [ {"timestamp":1504170889706,"user":367,"item":82} ]
2017-08-31 11:14:58,039 DEBUG n.a.d.j.g.l.KafkaLogger [Thread-2] Sending event to Kafka: [ {"timestamp":1504170898038,"user":95,"item":23} ]
