2017-08-08 12:47:12,000 INFO n.a.d.j.g.JsonDataGenerator [main] Overriding Simulation Config file from command line to use [ movieRatingConfig.json ]
2017-08-08 12:47:12,001 DEBUG n.a.d.j.g.JsonDataGenerator [main] Creating Simulation Runner using Simulation Config [ movieRatingConfig.json ]
2017-08-08 12:47:12,085 ERROR n.a.d.j.g.JsonDataGenerator [main] Error getting Simulation Config [ movieRatingConfig.json ]
2017-08-08 12:58:43,100 INFO n.a.d.j.g.JsonDataGenerator [main] Overriding Simulation Config file from command line to use [ movieRatingConfig.json ]
2017-08-08 12:58:43,102 DEBUG n.a.d.j.g.JsonDataGenerator [main] Creating Simulation Runner using Simulation Config [ movieRatingConfig.json ]
2017-08-08 12:58:43,170 ERROR n.a.d.j.g.JsonDataGenerator [main] Error getting Simulation Config [ movieRatingConfig.json ]
2017-08-08 12:58:43,172 INFO n.a.d.j.g.JsonDataGenerator [Thread-2] Shutdown Hook Invoked.  Shutting Down Loggers
2017-08-08 12:58:47,800 INFO n.a.d.j.g.JsonDataGenerator [main] Overriding Simulation Config file from command line to use [ movieRatingConfig.json ]
2017-08-08 12:58:47,802 DEBUG n.a.d.j.g.JsonDataGenerator [main] Creating Simulation Runner using Simulation Config [ movieRatingConfig.json ]
2017-08-08 12:58:47,872 ERROR n.a.d.j.g.JsonDataGenerator [main] Error getting Simulation Config [ movieRatingConfig.json ]
2017-08-08 12:58:47,874 INFO n.a.d.j.g.JsonDataGenerator [Thread-2] Shutdown Hook Invoked.  Shutting Down Loggers
2017-08-08 12:58:50,669 INFO n.a.d.j.g.JsonDataGenerator [main] Overriding Simulation Config file from command line to use [ movieRatingConfig.json ]
2017-08-08 12:58:50,670 DEBUG n.a.d.j.g.JsonDataGenerator [main] Creating Simulation Runner using Simulation Config [ movieRatingConfig.json ]
2017-08-08 12:58:50,743 ERROR n.a.d.j.g.JsonDataGenerator [main] Error getting Simulation Config [ movieRatingConfig.json ]
2017-08-08 13:02:16,831 INFO n.a.d.j.g.JsonDataGenerator [main] Overriding Simulation Config file from command line to use [ movieRatingConfig.json ]
2017-08-08 13:02:16,833 DEBUG n.a.d.j.g.JsonDataGenerator [main] Creating Simulation Runner using Simulation Config [ movieRatingConfig.json ]
2017-08-08 13:02:16,904 ERROR n.a.d.j.g.JsonDataGenerator [main] Error getting Simulation Config [ movieRatingConfig.json ]
2017-08-08 13:02:16,907 INFO n.a.d.j.g.JsonDataGenerator [Thread-2] Shutdown Hook Invoked.  Shutting Down Loggers
2017-08-08 13:03:42,905 INFO n.a.d.j.g.JsonDataGenerator [main] Overriding Simulation Config file from command line to use [ movieRatingConfig.json ]
2017-08-08 13:03:42,906 DEBUG n.a.d.j.g.JsonDataGenerator [main] Creating Simulation Runner using Simulation Config [ movieRatingConfig.json ]
2017-08-08 13:03:42,974 ERROR n.a.d.j.g.JsonDataGenerator [main] Error getting Simulation Config [ movieRatingConfig.json ]
2017-08-08 13:03:42,976 INFO n.a.d.j.g.JsonDataGenerator [Thread-2] Shutdown Hook Invoked.  Shutting Down Loggers
2017-08-08 13:04:30,512 INFO n.a.d.j.g.JsonDataGenerator [main] Overriding Simulation Config file from command line to use [ movieRatingsConfig.json ]
2017-08-08 13:04:30,513 DEBUG n.a.d.j.g.JsonDataGenerator [main] Creating Simulation Runner using Simulation Config [ movieRatingsConfig.json ]
2017-08-08 13:04:30,698 INFO n.a.d.j.g.JsonDataGenerator [main] Adding Kafka Producer with properties: {type=kafka, broker.server=localhost, broker.port=9092, topic=ratings, flatten=false, sync=false}
2017-08-08 13:04:30,815 INFO n.a.d.j.g.SimulationRunner [main] Adding EventGenerator for [ ratings,movieRatingsWorkflow.json ]
2017-08-08 13:04:30,815 INFO n.a.d.j.g.SimulationRunner [main] Starting Simulation
2017-08-08 13:04:31,068 DEBUG n.a.d.j.g.t.TypeHandlerFactory [Thread-2] Discovered TypeHandler [ lastName,net.acesinc.data.json.generator.types.LastName ]
2017-08-08 13:04:31,068 DEBUG n.a.d.j.g.t.TypeHandlerFactory [Thread-2] Discovered TypeHandler [ now,net.acesinc.data.json.generator.types.NowType ]
2017-08-08 13:04:31,069 DEBUG n.a.d.j.g.t.TypeHandlerFactory [Thread-2] Discovered TypeHandler [ firstName,net.acesinc.data.json.generator.types.FirstName ]
2017-08-08 13:04:31,070 DEBUG n.a.d.j.g.t.TypeHandlerFactory [Thread-2] Discovered TypeHandler [ timestamp,net.acesinc.data.json.generator.types.TimestampType ]
2017-08-08 13:04:31,070 DEBUG n.a.d.j.g.t.TypeHandlerFactory [Thread-2] Discovered TypeHandler [ counter,net.acesinc.data.json.generator.types.CounterType ]
2017-08-08 13:04:31,071 DEBUG n.a.d.j.g.t.TypeHandlerFactory [Thread-2] Discovered TypeHandler [ nowTimestamp,net.acesinc.data.json.generator.types.NowTimestampType ]
2017-08-08 13:04:31,071 DEBUG n.a.d.j.g.t.TypeHandlerFactory [Thread-2] Discovered TypeHandler [ boolean,net.acesinc.data.json.generator.types.BooleanType ]
2017-08-08 13:04:31,072 DEBUG n.a.d.j.g.t.TypeHandlerFactory [Thread-2] Discovered TypeHandler [ double,net.acesinc.data.json.generator.types.DoubleType ]
2017-08-08 13:04:31,072 DEBUG n.a.d.j.g.t.TypeHandlerFactory [Thread-2] Discovered TypeHandler [ alphaNumeric,net.acesinc.data.json.generator.types.AlphaNumericType ]
2017-08-08 13:04:31,073 DEBUG n.a.d.j.g.t.TypeHandlerFactory [Thread-2] Discovered TypeHandler [ date,net.acesinc.data.json.generator.types.DateType ]
2017-08-08 13:04:31,073 DEBUG n.a.d.j.g.t.TypeHandlerFactory [Thread-2] Discovered TypeHandler [ long,net.acesinc.data.json.generator.types.LongType ]
2017-08-08 13:04:31,074 DEBUG n.a.d.j.g.t.TypeHandlerFactory [Thread-2] Discovered TypeHandler [ integer,net.acesinc.data.json.generator.types.IntegerType ]
2017-08-08 13:04:31,074 DEBUG n.a.d.j.g.t.TypeHandlerFactory [Thread-2] Discovered TypeHandler [ random,net.acesinc.data.json.generator.types.RandomType ]
2017-08-08 13:04:31,074 DEBUG n.a.d.j.g.t.TypeHandlerFactory [Thread-2] Discovered TypeHandler [ uuid,net.acesinc.data.json.generator.types.UuidType ]
2017-08-08 13:04:31,075 DEBUG n.a.d.j.g.t.TypeHandlerFactory [Thread-2] Discovered TypeHandler [ alpha,net.acesinc.data.json.generator.types.AlphaType ]
2017-08-08 13:04:31,113 DEBUG n.a.d.j.g.l.KafkaLogger [Thread-2] Sending event to Kafka: [ {"timestamp":1502190271075,"user":7,"item":3,"rating":0.5} ]
2017-08-08 13:04:32,412 DEBUG n.a.d.j.g.l.KafkaLogger [Thread-2] Sending event to Kafka: [ {"timestamp":1502190272412,"user":6,"item":3,"rating":1.0} ]
2017-08-08 13:04:32,959 DEBUG n.a.d.j.g.l.KafkaLogger [Thread-2] Sending event to Kafka: [ {"timestamp":1502190272958,"user":3,"item":3,"rating":0.5} ]
2017-08-08 13:04:33,512 DEBUG n.a.d.j.g.l.KafkaLogger [Thread-2] Sending event to Kafka: [ {"timestamp":1502190273512,"user":2,"item":4,"rating":1.0} ]
2017-08-08 13:04:34,230 DEBUG n.a.d.j.g.l.KafkaLogger [Thread-2] Sending event to Kafka: [ {"timestamp":1502190274230,"user":5,"item":1,"rating":2.5} ]
2017-08-08 13:04:34,791 DEBUG n.a.d.j.g.l.KafkaLogger [Thread-2] Sending event to Kafka: [ {"timestamp":1502190274790,"user":2,"item":3,"rating":3.0} ]
2017-08-08 13:04:35,289 DEBUG n.a.d.j.g.l.KafkaLogger [Thread-2] Sending event to Kafka: [ {"timestamp":1502190275288,"user":2,"item":6,"rating":2.5} ]
2017-08-08 13:04:35,920 DEBUG n.a.d.j.g.l.KafkaLogger [Thread-2] Sending event to Kafka: [ {"timestamp":1502190275919,"user":2,"item":5,"rating":3.5} ]
2017-08-08 13:04:36,497 DEBUG n.a.d.j.g.l.KafkaLogger [Thread-2] Sending event to Kafka: [ {"timestamp":1502190276496,"user":2,"item":1,"rating":4.0} ]
2017-08-08 13:04:37,095 DEBUG n.a.d.j.g.l.KafkaLogger [Thread-2] Sending event to Kafka: [ {"timestamp":1502190277095,"user":2,"item":1,"rating":3.0} ]
2017-08-08 13:04:37,748 DEBUG n.a.d.j.g.l.KafkaLogger [Thread-2] Sending event to Kafka: [ {"timestamp":1502190277747,"user":3,"item":5,"rating":4.0} ]
2017-08-08 13:04:38,159 DEBUG n.a.d.j.g.l.KafkaLogger [Thread-2] Sending event to Kafka: [ {"timestamp":1502190278158,"user":4,"item":2,"rating":3.5} ]
2017-08-08 13:04:38,727 DEBUG n.a.d.j.g.l.KafkaLogger [Thread-2] Sending event to Kafka: [ {"timestamp":1502190278726,"user":7,"item":4,"rating":4.5} ]
2017-08-08 13:04:39,341 DEBUG n.a.d.j.g.l.KafkaLogger [Thread-2] Sending event to Kafka: [ {"timestamp":1502190279341,"user":7,"item":4,"rating":4.0} ]
2017-08-08 13:04:39,826 DEBUG n.a.d.j.g.l.KafkaLogger [Thread-2] Sending event to Kafka: [ {"timestamp":1502190279826,"user":6,"item":4,"rating":0.5} ]
2017-08-08 13:04:40,346 DEBUG n.a.d.j.g.l.KafkaLogger [Thread-2] Sending event to Kafka: [ {"timestamp":1502190280345,"user":4,"item":6,"rating":1.0} ]
2017-08-08 13:04:40,759 DEBUG n.a.d.j.g.l.KafkaLogger [Thread-2] Sending event to Kafka: [ {"timestamp":1502190280758,"user":4,"item":4,"rating":2.0} ]
2017-08-08 13:04:41,234 DEBUG n.a.d.j.g.l.KafkaLogger [Thread-2] Sending event to Kafka: [ {"timestamp":1502190281233,"user":4,"item":5,"rating":1.0} ]
2017-08-08 13:04:41,834 DEBUG n.a.d.j.g.l.KafkaLogger [Thread-2] Sending event to Kafka: [ {"timestamp":1502190281834,"user":4,"item":2,"rating":4.0} ]
2017-08-08 13:04:42,464 DEBUG n.a.d.j.g.l.KafkaLogger [Thread-2] Sending event to Kafka: [ {"timestamp":1502190282463,"user":7,"item":4,"rating":2.0} ]
2017-08-08 13:04:43,076 DEBUG n.a.d.j.g.l.KafkaLogger [Thread-2] Sending event to Kafka: [ {"timestamp":1502190283076,"user":4,"item":5,"rating":1.0} ]
2017-08-08 13:04:43,507 DEBUG n.a.d.j.g.l.KafkaLogger [Thread-2] Sending event to Kafka: [ {"timestamp":1502190283507,"user":6,"item":4,"rating":1.5} ]
2017-08-08 13:04:44,048 DEBUG n.a.d.j.g.l.KafkaLogger [Thread-2] Sending event to Kafka: [ {"timestamp":1502190284048,"user":1,"item":5,"rating":4.5} ]
2017-08-08 13:04:44,483 DEBUG n.a.d.j.g.l.KafkaLogger [Thread-2] Sending event to Kafka: [ {"timestamp":1502190284483,"user":5,"item":4,"rating":4.5} ]
2017-08-08 13:04:45,124 DEBUG n.a.d.j.g.l.KafkaLogger [Thread-2] Sending event to Kafka: [ {"timestamp":1502190285124,"user":7,"item":7,"rating":5.0} ]
2017-08-08 13:04:45,639 DEBUG n.a.d.j.g.l.KafkaLogger [Thread-2] Sending event to Kafka: [ {"timestamp":1502190285638,"user":6,"item":4,"rating":4.0} ]
2017-08-08 13:04:46,057 DEBUG n.a.d.j.g.l.KafkaLogger [Thread-2] Sending event to Kafka: [ {"timestamp":1502190286057,"user":3,"item":5,"rating":1.0} ]
2017-08-08 13:04:46,660 DEBUG n.a.d.j.g.l.KafkaLogger [Thread-2] Sending event to Kafka: [ {"timestamp":1502190286660,"user":4,"item":3,"rating":4.5} ]
2017-08-08 13:04:47,209 DEBUG n.a.d.j.g.l.KafkaLogger [Thread-2] Sending event to Kafka: [ {"timestamp":1502190287209,"user":6,"item":3,"rating":4.5} ]
2017-08-08 13:06:29,385 INFO n.a.d.j.g.JsonDataGenerator [main] Overriding Simulation Config file from command line to use [ movieRatingsConfig.json ]
2017-08-08 13:06:29,387 DEBUG n.a.d.j.g.JsonDataGenerator [main] Creating Simulation Runner using Simulation Config [ movieRatingsConfig.json ]
2017-08-08 13:06:29,530 INFO n.a.d.j.g.JsonDataGenerator [main] Adding Kafka Producer with properties: {type=kafka, broker.server=localhost, broker.port=9092, topic=ratings, flatten=false, sync=false}
2017-08-08 13:06:29,611 INFO n.a.d.j.g.SimulationRunner [main] Adding EventGenerator for [ ratings,movieRatingsWorkflow.json ]
2017-08-08 13:06:29,612 INFO n.a.d.j.g.SimulationRunner [main] Starting Simulation
2017-08-08 13:06:29,726 DEBUG n.a.d.j.g.t.TypeHandlerFactory [Thread-2] Discovered TypeHandler [ integer,net.acesinc.data.json.generator.types.IntegerType ]
2017-08-08 13:06:29,727 DEBUG n.a.d.j.g.t.TypeHandlerFactory [Thread-2] Discovered TypeHandler [ nowTimestamp,net.acesinc.data.json.generator.types.NowTimestampType ]
2017-08-08 13:06:29,728 DEBUG n.a.d.j.g.t.TypeHandlerFactory [Thread-2] Discovered TypeHandler [ alphaNumeric,net.acesinc.data.json.generator.types.AlphaNumericType ]
2017-08-08 13:06:29,728 DEBUG n.a.d.j.g.t.TypeHandlerFactory [Thread-2] Discovered TypeHandler [ long,net.acesinc.data.json.generator.types.LongType ]
2017-08-08 13:06:29,728 DEBUG n.a.d.j.g.t.TypeHandlerFactory [Thread-2] Discovered TypeHandler [ firstName,net.acesinc.data.json.generator.types.FirstName ]
2017-08-08 13:06:29,729 DEBUG n.a.d.j.g.t.TypeHandlerFactory [Thread-2] Discovered TypeHandler [ boolean,net.acesinc.data.json.generator.types.BooleanType ]
2017-08-08 13:06:29,729 DEBUG n.a.d.j.g.t.TypeHandlerFactory [Thread-2] Discovered TypeHandler [ now,net.acesinc.data.json.generator.types.NowType ]
2017-08-08 13:06:29,730 DEBUG n.a.d.j.g.t.TypeHandlerFactory [Thread-2] Discovered TypeHandler [ date,net.acesinc.data.json.generator.types.DateType ]
2017-08-08 13:06:29,731 DEBUG n.a.d.j.g.t.TypeHandlerFactory [Thread-2] Discovered TypeHandler [ random,net.acesinc.data.json.generator.types.RandomType ]
2017-08-08 13:06:29,731 DEBUG n.a.d.j.g.t.TypeHandlerFactory [Thread-2] Discovered TypeHandler [ alpha,net.acesinc.data.json.generator.types.AlphaType ]
2017-08-08 13:06:29,732 DEBUG n.a.d.j.g.t.TypeHandlerFactory [Thread-2] Discovered TypeHandler [ uuid,net.acesinc.data.json.generator.types.UuidType ]
2017-08-08 13:06:29,732 DEBUG n.a.d.j.g.t.TypeHandlerFactory [Thread-2] Discovered TypeHandler [ lastName,net.acesinc.data.json.generator.types.LastName ]
2017-08-08 13:06:29,733 DEBUG n.a.d.j.g.t.TypeHandlerFactory [Thread-2] Discovered TypeHandler [ double,net.acesinc.data.json.generator.types.DoubleType ]
2017-08-08 13:06:29,733 DEBUG n.a.d.j.g.t.TypeHandlerFactory [Thread-2] Discovered TypeHandler [ counter,net.acesinc.data.json.generator.types.CounterType ]
2017-08-08 13:06:29,734 DEBUG n.a.d.j.g.t.TypeHandlerFactory [Thread-2] Discovered TypeHandler [ timestamp,net.acesinc.data.json.generator.types.TimestampType ]
2017-08-08 13:06:29,748 DEBUG n.a.d.j.g.l.KafkaLogger [Thread-2] Sending event to Kafka: [ {"timestamp":1502190389734,"user":3,"item":3,"rating":0.0} ]
2017-08-08 13:06:30,356 DEBUG n.a.d.j.g.l.KafkaLogger [Thread-2] Sending event to Kafka: [ {"timestamp":1502190390353,"user":2,"item":1,"rating":3.5} ]
2017-08-08 13:06:30,849 DEBUG n.a.d.j.g.l.KafkaLogger [Thread-2] Sending event to Kafka: [ {"timestamp":1502190390848,"user":1,"item":5,"rating":2.0} ]
2017-08-08 13:06:31,405 DEBUG n.a.d.j.g.l.KafkaLogger [Thread-2] Sending event to Kafka: [ {"timestamp":1502190391405,"user":6,"item":2,"rating":5.0} ]
2017-08-08 13:06:32,047 DEBUG n.a.d.j.g.l.KafkaLogger [Thread-2] Sending event to Kafka: [ {"timestamp":1502190392047,"user":2,"item":4,"rating":2.0} ]
2017-08-08 13:06:32,533 DEBUG n.a.d.j.g.l.KafkaLogger [Thread-2] Sending event to Kafka: [ {"timestamp":1502190392532,"user":6,"item":7,"rating":3.5} ]
2017-08-08 13:06:33,020 DEBUG n.a.d.j.g.l.KafkaLogger [Thread-2] Sending event to Kafka: [ {"timestamp":1502190393020,"user":2,"item":3,"rating":3.5} ]
2017-08-08 13:06:33,604 DEBUG n.a.d.j.g.l.KafkaLogger [Thread-2] Sending event to Kafka: [ {"timestamp":1502190393603,"user":4,"item":6,"rating":4.5} ]
